<?xml version="1.0" encoding="UTF-8"?>
<!-- Generated by org.testng.reporters.JUnitXMLReporter -->
<testsuite ignored="0" hostname="LAPTOP-PFNNAQN7" failures="0" tests="4" name="Surefire test" time="0.751" errors="0" timestamp="2020-08-27T09:28:27 EDT">
  <testcase classname="MvnLearning.MavenProjectExample.appiumTest" name="Four" time="0.04"/>
  <testcase classname="MvnLearning.MavenProjectExample.appiumTest" name="Three" time="0.003"/>
  <testcase classname="MvnLearning.MavenProjectExample.seleniumTest" name="Five" time="0.001"/>
  <testcase classname="MvnLearning.MavenProjectExample.seleniumTest" name="Six" time="0.001"/>
</testsuite> <!-- Surefire test -->
